c:\users\xielz\documents\github\csgo_base\debug\movement.obj
c:\users\xielz\documents\github\csgo_base\debug\penetration.obj
c:\users\xielz\documents\github\csgo_base\debug\tickbase.obj
c:\users\xielz\documents\github\csgo_base\debug\d3d_device.obj
c:\users\xielz\documents\github\csgo_base\debug\netchannel.obj
c:\users\xielz\documents\github\csgo_base\debug\hvh.obj
c:\users\xielz\documents\github\csgo_base\debug\ragebot.obj
c:\users\xielz\documents\github\csgo_base\debug\model_render.obj
c:\users\xielz\documents\github\csgo_base\debug\animations.obj
c:\users\xielz\documents\github\csgo_base\debug\prediction.obj
c:\users\xielz\documents\github\csgo_base\debug\resolver.obj
c:\users\xielz\documents\github\csgo_base\debug\client_dll.obj
c:\users\xielz\documents\github\csgo_base\debug\renderable.obj
c:\users\xielz\documents\github\csgo_base\debug\events.obj
c:\users\xielz\documents\github\csgo_base\debug\lagcomp.obj
c:\users\xielz\documents\github\csgo_base\debug\globals.obj
c:\users\xielz\documents\github\csgo_base\debug\client_mode.obj
c:\users\xielz\documents\github\csgo_base\debug\player.obj
c:\users\xielz\documents\github\csgo_base\debug\vc142.pdb
c:\users\xielz\documents\github\csgo_base\debug\player_hurt.obj
c:\users\xielz\documents\github\csgo_base\debug\menu.obj
c:\users\xielz\documents\github\csgo_base\debug\config.obj
c:\users\xielz\documents\github\csgo_base\debug\imgui_impl_dx9.obj
c:\users\xielz\documents\github\csgo_base\debug\netvars.obj
c:\users\xielz\documents\github\csgo_base\debug\panel.obj
c:\users\xielz\documents\github\csgo_base\debug\_classes.obj
c:\users\xielz\documents\github\csgo_base\debug\imgui.obj
c:\users\xielz\documents\github\csgo_base\debug\imgui_demo.obj
c:\users\xielz\documents\github\csgo_base\debug\imgui_draw.obj
c:\users\xielz\documents\github\csgo_base\debug\imgui_widgets.obj
c:\users\xielz\documents\github\csgo_base\debug\math.obj
c:\users\xielz\documents\github\csgo_base\debug\surface.obj
c:\users\xielz\documents\github\csgo_base\debug\tick_base.obj
c:\users\xielz\documents\github\csgo_base\debug\misc.obj
c:\users\xielz\documents\github\csgo_base\debug\imgui_freetype.obj
c:\users\xielz\documents\github\csgo_base\debug\imgui_impl_win32.obj
c:\users\xielz\documents\github\csgo_base\debug\datatypes.obj
c:\users\xielz\documents\github\csgo_base\debug\render.obj
c:\users\xielz\documents\github\csgo_base\debug\detours.obj
c:\users\xielz\documents\github\csgo_base\debug\main.obj
c:\users\xielz\documents\github\csgo_base\debug\interfaces.obj
c:\users\xielz\documents\github\csgo_base\debug\input.obj
c:\users\xielz\documents\github\csgo_base\debug\ui.obj
c:\users\xielz\documents\github\csgo_base\debug\wok-csgo.tlog\cl.10876.write.1.tlog
c:\users\xielz\documents\github\csgo_base\debug\wok-csgo.tlog\cl.command.1.tlog
c:\users\xielz\documents\github\csgo_base\debug\wok-csgo.tlog\cl.read.1.tlog
