  player_hurt.cpp
  events.cpp
  movement.cpp
  animations.cpp
  hvh.cpp
  penetration.cpp
  lagcomp.cpp
  prediction.cpp
  ragebot.cpp
  resolver.cpp
  tickbase.cpp
  globals.cpp
  detours.cpp
  client_dll.cpp
  client_mode.cpp
  d3d_device.cpp
  model_render.cpp
  netchannel.cpp
  player.cpp
  renderable.cpp
  surface.cpp
  panel.cpp
  hooks.cpp
  tick_base.cpp
  main.cpp
  menu.cpp
  misc.cpp
  interfaces.cpp
  _classes.cpp
  config.cpp
  imgui.cpp
  imgui_demo.cpp
  imgui_draw.cpp
  imgui_freetype.cpp
  imgui_impl_dx9.cpp
  imgui_impl_win32.cpp
  imgui_widgets.cpp
  input.cpp
  datatypes.cpp
  math.cpp
  netvars.cpp
  render.cpp
  ui.cpp
LINK : warning LNK4098: библиотека по умолчанию "LIBCMT" конфликтует с использованием других библиотек; используйте /NODEFAULTLIB:library
  wok-csgo.vcxproj -> C:\Users\xielz\Documents\GitHub\csgo_base\debug\wok-csgo.dll
