  player_hurt.cpp
C:\Users\xielz\Documents\GitHub\csgo_base\common_includes.h(28,10): fatal error C1083: Не удается открыть файл включение: d3dx9core.h: No such file or directory,
  events.cpp
C:\Users\xielz\Documents\GitHub\csgo_base\common_includes.h(28,10): fatal error C1083: Не удается открыть файл включение: d3dx9core.h: No such file or directory,
  movement.cpp
C:\Users\xielz\Documents\GitHub\csgo_base\common_includes.h(28,10): fatal error C1083: Не удается открыть файл включение: d3dx9core.h: No such file or directory,
  animations.cpp
C:\Users\xielz\Documents\GitHub\csgo_base\common_includes.h(28,10): fatal error C1083: Не удается открыть файл включение: d3dx9core.h: No such file or directory,
  hvh.cpp
C:\Users\xielz\Documents\GitHub\csgo_base\common_includes.h(28,10): fatal error C1083: Не удается открыть файл включение: d3dx9core.h: No such file or directory,
  penetration.cpp
C:\Users\xielz\Documents\GitHub\csgo_base\common_includes.h(28,10): fatal error C1083: Не удается открыть файл включение: d3dx9core.h: No such file or directory,
  lagcomp.cpp
C:\Users\xielz\Documents\GitHub\csgo_base\common_includes.h(28,10): fatal error C1083: Не удается открыть файл включение: d3dx9core.h: No such file or directory,
  prediction.cpp
C:\Users\xielz\Documents\GitHub\csgo_base\common_includes.h(28,10): fatal error C1083: Не удается открыть файл включение: d3dx9core.h: No such file or directory,
  ragebot.cpp
C:\Users\xielz\Documents\GitHub\csgo_base\common_includes.h(28,10): fatal error C1083: Не удается открыть файл включение: d3dx9core.h: No such file or directory,
  resolver.cpp
C:\Users\xielz\Documents\GitHub\csgo_base\common_includes.h(28,10): fatal error C1083: Не удается открыть файл включение: d3dx9core.h: No such file or directory,
  tickbase.cpp
C:\Users\xielz\Documents\GitHub\csgo_base\common_includes.h(28,10): fatal error C1083: Не удается открыть файл включение: d3dx9core.h: No such file or directory,
  visuals.cpp
C:\Users\xielz\Documents\GitHub\csgo_base\common_includes.h(28,10): fatal error C1083: Не удается открыть файл включение: d3dx9core.h: No such file or directory,
  globals.cpp
